<?xml version="1.0" encoding="UTF-8"?>
<!-- Generated by org.testng.reporters.JUnitXMLReporter -->
<testsuite ignored="0" hostname="DESKTOP-RA23R49" failures="0" tests="6" name="Surefire test" time="0.03" errors="0" timestamp="2022-01-12T10:27:37 EST">
  <testcase classname="test1.DemoTest" name="testA" time="0.002"/>
  <testcase classname="test1.DemoTest" name="testB" time="0.0"/>
  <testcase classname="test1.DemoTest" name="testC" time="0.0"/>
  <testcase classname="test2.demo2Test" name="testX" time="0.001"/>
  <testcase classname="test2.demo2Test" name="testY" time="0.0"/>
  <testcase classname="test2.demo2Test" name="testZ" time="0.001"/>
</testsuite> <!-- Surefire test -->
