<?xml version="1.0" encoding="UTF-8"?>
<!-- Generated by org.testng.reporters.JUnitXMLReporter -->
<testsuite ignored="0" hostname="DESKTOP-RA23R49" failures="0" tests="6" name="Test" time="0.029" errors="0" timestamp="2022-01-17T02:40:52 EST">
  <testcase classname="test1.DemoTest" name="testA" time="0.002"/>
  <testcase classname="test1.DemoTest" name="testB" time="0.0"/>
  <testcase classname="test1.DemoTest" name="testC" time="0.0"/>
  <testcase classname="test3.DemoTest3" name="testF" time="0.0"/>
  <testcase classname="test3.DemoTest3" name="testG" time="0.0"/>
  <testcase classname="test3.DemoTest3" name="testH" time="0.0"/>
</testsuite> <!-- Test -->
