<?xml version="1.0" encoding="UTF-8"?>
<testng-results ignored="0" total="6" passed="6" failed="0" skipped="0">
  <reporter-output>
  </reporter-output>
  <suite started-at="2022-01-17T02:40:52 EST" name="Suite" finished-at="2022-01-17T02:40:52 EST" duration-ms="29">
    <groups>
    </groups>
    <test started-at="2022-01-17T02:40:52 EST" name="Test" finished-at="2022-01-17T02:40:52 EST" duration-ms="29">
      <class name="test1.DemoTest">
        <test-method signature="testA()[pri:0, instance:test1.DemoTest@65d6b83b]" started-at="2022-01-17T02:40:52 EST" name="testA" finished-at="2022-01-17T02:40:52 EST" duration-ms="2" status="PASS">
          <reporter-output>
          </reporter-output>
        </test-method> <!-- testA -->
        <test-method signature="testB()[pri:0, instance:test1.DemoTest@65d6b83b]" started-at="2022-01-17T02:40:52 EST" name="testB" finished-at="2022-01-17T02:40:52 EST" duration-ms="0" status="PASS">
          <reporter-output>
          </reporter-output>
        </test-method> <!-- testB -->
        <test-method signature="testC()[pri:0, instance:test1.DemoTest@65d6b83b]" started-at="2022-01-17T02:40:52 EST" name="testC" finished-at="2022-01-17T02:40:52 EST" duration-ms="0" status="PASS">
          <reporter-output>
          </reporter-output>
        </test-method> <!-- testC -->
      </class> <!-- test1.DemoTest -->
      <class name="test3.DemoTest3">
        <test-method signature="testH()[pri:0, instance:test3.DemoTest3@124c278f]" started-at="2022-01-17T02:40:52 EST" name="testH" finished-at="2022-01-17T02:40:52 EST" duration-ms="0" status="PASS">
          <reporter-output>
          </reporter-output>
        </test-method> <!-- testH -->
        <test-method signature="testG()[pri:0, instance:test3.DemoTest3@124c278f]" started-at="2022-01-17T02:40:52 EST" name="testG" finished-at="2022-01-17T02:40:52 EST" duration-ms="0" status="PASS">
          <reporter-output>
          </reporter-output>
        </test-method> <!-- testG -->
        <test-method signature="testF()[pri:0, instance:test3.DemoTest3@124c278f]" started-at="2022-01-17T02:40:52 EST" name="testF" finished-at="2022-01-17T02:40:52 EST" duration-ms="0" status="PASS">
          <reporter-output>
          </reporter-output>
        </test-method> <!-- testF -->
      </class> <!-- test3.DemoTest3 -->
    </test> <!-- Test -->
  </suite> <!-- Suite -->
</testng-results>
